[2021-03-20T11:44:08.031] [DEBUG] cheese - login => username:admin,password:123456
[2021-03-20T11:44:08.033] [DEBUG] cheese - admin
[2021-03-20T11:44:08.063] [DEBUG] cheese - null
[2021-03-20T11:44:08.064] [DEBUG] cheese - null
[2021-03-20T11:44:44.991] [DEBUG] cheese - login => username:admin,password:123456
[2021-03-20T11:44:44.991] [DEBUG] cheese - admin
[2021-03-20T11:44:44.993] [DEBUG] cheese - null
[2021-03-20T11:44:44.993] [DEBUG] cheese - null
[2021-03-20T11:45:57.996] [DEBUG] cheese - login => username:sda,password:46545456
[2021-03-20T11:45:57.996] [DEBUG] cheese - sda
[2021-03-20T11:45:57.998] [DEBUG] cheese - null
[2021-03-20T11:45:57.998] [DEBUG] cheese - null
[2021-03-20T11:46:21.607] [DEBUG] cheese - login => username:admin,password:123456
[2021-03-20T11:46:21.607] [DEBUG] cheese - admin
[2021-03-20T11:46:21.609] [DEBUG] cheese - null
[2021-03-20T11:46:21.609] [DEBUG] cheese - null
[2021-03-20T11:46:22.329] [DEBUG] cheese - login => username:admin,password:123456
[2021-03-20T11:46:22.329] [DEBUG] cheese - admin
[2021-03-20T11:46:22.331] [DEBUG] cheese - null
[2021-03-20T11:46:22.331] [DEBUG] cheese - null
[2021-03-20T11:46:22.481] [DEBUG] cheese - login => username:admin,password:123456
[2021-03-20T11:46:22.481] [DEBUG] cheese - admin
[2021-03-20T11:46:22.483] [DEBUG] cheese - null
[2021-03-20T11:46:22.483] [DEBUG] cheese - null
[2021-03-20T11:46:22.889] [DEBUG] cheese - login => username:admin,password:123456
[2021-03-20T11:46:22.889] [DEBUG] cheese - admin
[2021-03-20T11:46:22.891] [DEBUG] cheese - null
[2021-03-20T11:46:22.891] [DEBUG] cheese - null
[2021-03-20T11:46:23.063] [DEBUG] cheese - login => username:admin,password:123456
[2021-03-20T11:46:23.064] [DEBUG] cheese - admin
[2021-03-20T11:46:23.066] [DEBUG] cheese - null
[2021-03-20T11:46:23.066] [DEBUG] cheese - null
[2021-03-20T11:46:23.216] [DEBUG] cheese - login => username:admin,password:123456
[2021-03-20T11:46:23.216] [DEBUG] cheese - admin
[2021-03-20T11:46:23.219] [DEBUG] cheese - null
[2021-03-20T11:46:23.219] [DEBUG] cheese - null
[2021-03-20T11:46:23.384] [DEBUG] cheese - login => username:admin,password:123456
[2021-03-20T11:46:23.384] [DEBUG] cheese - admin
[2021-03-20T11:46:23.387] [DEBUG] cheese - null
[2021-03-20T11:46:23.387] [DEBUG] cheese - null
[2021-03-20T11:46:23.548] [DEBUG] cheese - login => username:admin,password:123456
[2021-03-20T11:46:23.548] [DEBUG] cheese - admin
[2021-03-20T11:46:23.550] [DEBUG] cheese - null
[2021-03-20T11:46:23.550] [DEBUG] cheese - null
[2021-03-20T11:46:23.683] [DEBUG] cheese - login => username:admin,password:123456
[2021-03-20T11:46:23.684] [DEBUG] cheese - admin
[2021-03-20T11:46:23.686] [DEBUG] cheese - null
[2021-03-20T11:46:23.686] [DEBUG] cheese - null
[2021-03-20T11:46:25.306] [DEBUG] cheese - login => username:admin,password:123456
[2021-03-20T11:46:25.306] [DEBUG] cheese - admin
[2021-03-20T11:46:25.310] [DEBUG] cheese - null
[2021-03-20T11:46:25.310] [DEBUG] cheese - null
[2021-03-20T11:46:25.586] [DEBUG] cheese - login => username:admin,password:123456
[2021-03-20T11:46:25.586] [DEBUG] cheese - admin
[2021-03-20T11:46:25.589] [DEBUG] cheese - null
[2021-03-20T11:46:25.589] [DEBUG] cheese - null
[2021-03-20T11:52:01.585] [DEBUG] cheese - login => username:admin,password:123456
[2021-03-20T11:52:01.585] [DEBUG] cheese - admin
[2021-03-20T11:52:01.588] [DEBUG] cheese - null
[2021-03-20T11:52:01.588] [DEBUG] cheese - null
[2021-03-20T11:53:20.886] [DEBUG] cheese - login => username:admin,password:123456
[2021-03-20T11:53:20.886] [DEBUG] cheese - admin
[2021-03-20T11:53:20.887] [DEBUG] cheese - null
[2021-03-20T11:53:20.887] [DEBUG] cheese - null
[2021-03-20T11:58:02.058] [DEBUG] cheese - login => username:admin,password:123456
[2021-03-20T11:58:02.058] [DEBUG] cheese - admin
[2021-03-20T11:58:02.061] [DEBUG] cheese - null
[2021-03-20T11:58:02.061] [DEBUG] cheese - null
[2021-03-20T11:59:02.678] [DEBUG] cheese - login => username:admin,password:123456
[2021-03-20T11:59:02.678] [DEBUG] cheese - admin
[2021-03-20T11:59:02.680] [DEBUG] cheese - null
[2021-03-20T11:59:02.680] [DEBUG] cheese - null
[2021-03-20T11:59:13.883] [DEBUG] cheese - login => username:admin,password:123456
[2021-03-20T11:59:13.884] [DEBUG] cheese - admin
[2021-03-20T11:59:13.885] [DEBUG] cheese - null
[2021-03-20T11:59:13.886] [DEBUG] cheese - null
